<?xml version="1.0" encoding="UTF-8"?>
<robot generator="Robot 3.1.2 (Python 3.8.1 on win32)" generated="20200427 10:51:50.483" rpa="false">
<suite id="s1" name="Test" source="C:\repository\robot-framework\appium\sonata\resources\test.robot">
<test id="s1-t1" name="Run Mobile Portrait">
<kw name="Close All Applications" library="AppiumLibrary" type="setup">
<doc>Closes all open applications.</doc>
<status status="PASS" starttime="20200427 10:51:51.021" endtime="20200427 10:51:51.024"></status>
</kw>
<kw name="Open Application" library="AppiumLibrary">
<doc>Opens a new application to given Appium server.
Capabilities of appium server, Android and iOS,
Please check https://github.com/appium/appium/blob/master/docs/en/writing-running-appium/server-args.md
| *Option*            | *Man.* | *Description*     |
| remote_url          | Yes    | Appium server url |
| alias               | no     | alias             |</doc>
<arguments>
<arg>${REMOTE_URL}</arg>
<arg>platformName=${PLATFORM_NAME}</arg>
<arg>platformVersion=${PLATFORM_VERSION}</arg>
<arg>deviceName=${DEVICE_NAME}</arg>
<arg>automationName=${AUTOMATION_NAME}</arg>
<arg>appPackage=${APP_PACKAGE}</arg>
<arg>appActivity=${APP_ACTIVITY}</arg>
<arg>useNewWDA=${USE_NEW_WDA}</arg>
</arguments>
<status status="PASS" starttime="20200427 10:51:51.025" endtime="20200427 10:51:55.012"></status>
</kw>
<kw name="Configure Chrome">
<kw name="Log To Console" library="BuiltIn">
<doc>Logs the given message to the console.</doc>
<arguments>
<arg>Configure Chrome Browser in Android and search Sonata Web Site</arg>
</arguments>
<status status="PASS" starttime="20200427 10:51:55.014" endtime="20200427 10:51:55.014"></status>
</kw>
<kw name="Wait Until Page Contains Element" library="AppiumLibrary">
<doc>Waits until element specified with `locator` appears on current page.</doc>
<arguments>
<arg>xpath=${ACCEPT_CONTINUE}</arg>
</arguments>
<status status="PASS" starttime="20200427 10:51:55.015" endtime="20200427 10:51:55.903"></status>
</kw>
<kw name="Click Element" library="AppiumLibrary">
<doc>Click element identified by `locator`.</doc>
<arguments>
<arg>xpath=${ACCEPT_CONTINUE}</arg>
</arguments>
<msg timestamp="20200427 10:51:55.916" level="INFO">Clicking element 'xpath=//*[contains(@resource-id,'com.android.chrome:id/terms_accept') and @text='Accept &amp; continue']'.</msg>
<status status="PASS" starttime="20200427 10:51:55.904" endtime="20200427 10:51:56.179"></status>
</kw>
<kw name="Wait Until Page Contains Element" library="AppiumLibrary">
<doc>Waits until element specified with `locator` appears on current page.</doc>
<arguments>
<arg>xpath=${NEXT}</arg>
</arguments>
<status status="PASS" starttime="20200427 10:51:56.180" endtime="20200427 10:51:57.018"></status>
</kw>
<kw name="Click Element" library="AppiumLibrary">
<doc>Click element identified by `locator`.</doc>
<arguments>
<arg>xpath=${NEXT}</arg>
</arguments>
<msg timestamp="20200427 10:51:57.024" level="INFO">Clicking element 'xpath=//*[contains(@resource-id,'com.android.chrome:id/next_button') and @text='Next']'.</msg>
<status status="PASS" starttime="20200427 10:51:57.019" endtime="20200427 10:51:57.256"></status>
</kw>
<kw name="Wait Until Page Contains Element" library="AppiumLibrary">
<doc>Waits until element specified with `locator` appears on current page.</doc>
<arguments>
<arg>xpath=${POSITIVE}</arg>
</arguments>
<status status="PASS" starttime="20200427 10:51:57.256" endtime="20200427 10:51:57.878"></status>
</kw>
<kw name="Click Element" library="AppiumLibrary">
<doc>Click element identified by `locator`.</doc>
<arguments>
<arg>xpath=${POSITIVE}</arg>
</arguments>
<msg timestamp="20200427 10:51:57.883" level="INFO">Clicking element 'xpath=//*[contains(@resource-id,'com.android.chrome:id/positive_button')]'.</msg>
<status status="PASS" starttime="20200427 10:51:57.879" endtime="20200427 10:51:58.258"></status>
</kw>
<status status="PASS" starttime="20200427 10:51:55.013" endtime="20200427 10:51:58.258"></status>
</kw>
<kw name="Open Home Page" library="home">
<kw name="Log To Console" library="BuiltIn">
<doc>Logs the given message to the console.</doc>
<arguments>
<arg>Open Home Page</arg>
</arguments>
<status status="PASS" starttime="20200427 10:51:58.259" endtime="20200427 10:51:58.260"></status>
</kw>
<kw name="Wait Until Page Contains Element" library="AppiumLibrary">
<doc>Waits until element specified with `locator` appears on current page.</doc>
<arguments>
<arg>xpath=${SEARCH_URL}</arg>
</arguments>
<status status="PASS" starttime="20200427 10:51:58.260" endtime="20200427 10:52:02.094"></status>
</kw>
<kw name="Input Text" library="AppiumLibrary">
<doc>Types the given `text` into text field identified by `locator`.</doc>
<arguments>
<arg>xpath=${SEARCH_URL}</arg>
<arg>${SITE_URL}</arg>
</arguments>
<msg timestamp="20200427 10:52:02.101" level="INFO">Typing text 'https://sonataservices.com' into text field 'xpath=//*[contains(@resource-id,'com.android.chrome:id/search_box_text') and @text='Search or type web address']'</msg>
<status status="PASS" starttime="20200427 10:52:02.094" endtime="20200427 10:52:18.813"></status>
</kw>
<kw name="Press Keycode" library="AppiumLibrary">
<doc>Sends a press of keycode to the device.</doc>
<arguments>
<arg>66</arg>
</arguments>
<status status="PASS" starttime="20200427 10:52:18.813" endtime="20200427 10:52:19.685"></status>
</kw>
<kw name="Sleep" library="BuiltIn">
<doc>Pauses the test executed for the given time.</doc>
<arguments>
<arg>30</arg>
</arguments>
<msg timestamp="20200427 10:52:49.688" level="INFO">Slept 30 seconds</msg>
<status status="PASS" starttime="20200427 10:52:19.685" endtime="20200427 10:52:49.688"></status>
</kw>
<kw name="Run Keyword And Return Status" library="BuiltIn">
<doc>Runs the given keyword with given arguments and returns the status as a Boolean value.</doc>
<arguments>
<arg>Wait Until Page Contains Element</arg>
<arg>${ACCEPT_COOKIES}</arg>
</arguments>
<assign>
<var>${IS_ACCEPT_COOKIES}</var>
</assign>
<kw name="Wait Until Page Contains Element" library="AppiumLibrary">
<doc>Waits until element specified with `locator` appears on current page.</doc>
<arguments>
<arg>${ACCEPT_COOKIES}</arg>
</arguments>
<status status="PASS" starttime="20200427 10:52:49.689" endtime="20200427 10:52:49.873"></status>
</kw>
<msg timestamp="20200427 10:52:49.874" level="INFO">${IS_ACCEPT_COOKIES} = True</msg>
<status status="PASS" starttime="20200427 10:52:49.688" endtime="20200427 10:52:49.874"></status>
</kw>
<kw name="Run Keyword If" library="BuiltIn">
<doc>Runs the given keyword with the given arguments, if ``condition`` is true.</doc>
<arguments>
<arg>${IS_ACCEPT_COOKIES}</arg>
<arg>click element</arg>
<arg>xpath=${ACCEPT_COOKIES}</arg>
</arguments>
<kw name="Click Element" library="AppiumLibrary">
<doc>Click element identified by `locator`.</doc>
<arguments>
<arg>xpath=${ACCEPT_COOKIES}</arg>
</arguments>
<msg timestamp="20200427 10:52:49.881" level="INFO">Clicking element 'xpath=//android.widget.Button[@text='ACCEPT']'.</msg>
<status status="PASS" starttime="20200427 10:52:49.875" endtime="20200427 10:52:51.260"></status>
</kw>
<status status="PASS" starttime="20200427 10:52:49.874" endtime="20200427 10:52:51.261"></status>
</kw>
<status status="PASS" starttime="20200427 10:51:58.259" endtime="20200427 10:52:51.261"></status>
</kw>
<kw name="Open Careers Page" library="careers">
<kw name="Log To Console" library="BuiltIn">
<doc>Logs the given message to the console.</doc>
<arguments>
<arg>Open Careers Page</arg>
</arguments>
<status status="PASS" starttime="20200427 10:52:51.265" endtime="20200427 10:52:51.266"></status>
</kw>
<kw name="Sleep" library="BuiltIn">
<doc>Pauses the test executed for the given time.</doc>
<arguments>
<arg>5</arg>
</arguments>
<msg timestamp="20200427 10:52:56.268" level="INFO">Slept 5 seconds</msg>
<status status="PASS" starttime="20200427 10:52:51.266" endtime="20200427 10:52:56.268"></status>
</kw>
<kw name="Click Element" library="AppiumLibrary">
<doc>Click element identified by `locator`.</doc>
<arguments>
<arg>xpath=${SIDE_BAR}</arg>
</arguments>
<msg timestamp="20200427 10:52:56.279" level="INFO">Clicking element 'xpath=/hierarchy/android.widget.FrameLayout/android.widget.LinearLayout/android.widget.FrameLayout/android.widget.FrameLayout/android.widget.FrameLayout/android.view.ViewGroup/android.widget.FrameLayout[1]/android.widget.FrameLayout[2]/android.webkit.WebView/android.view.View/android.view.View[1]/android.view.View[1]'.</msg>
<status status="PASS" starttime="20200427 10:52:56.269" endtime="20200427 10:52:56.624"></status>
</kw>
<kw name="Click Element" library="AppiumLibrary">
<doc>Click element identified by `locator`.</doc>
<arguments>
<arg>xpath=${CAREERS_LINK}</arg>
</arguments>
<msg timestamp="20200427 10:52:56.630" level="INFO">Clicking element 'xpath=/hierarchy/android.widget.FrameLayout/android.widget.LinearLayout/android.widget.FrameLayout/android.widget.FrameLayout/android.widget.FrameLayout/android.view.ViewGroup/android.widget.FrameLayout[1]/android.widget.FrameLayout[2]/android.webkit.WebView/android.view.View/android.view.View[1]/android.widget.ListView/android.view.View[4]'.</msg>
<status status="PASS" starttime="20200427 10:52:56.625" endtime="20200427 10:52:57.948"></status>
</kw>
<kw name="Sleep" library="BuiltIn">
<doc>Pauses the test executed for the given time.</doc>
<arguments>
<arg>5</arg>
</arguments>
<msg timestamp="20200427 10:53:02.949" level="INFO">Slept 5 seconds</msg>
<status status="PASS" starttime="20200427 10:52:57.948" endtime="20200427 10:53:02.949"></status>
</kw>
<kw name="Click Element" library="AppiumLibrary">
<doc>Click element identified by `locator`.</doc>
<arguments>
<arg>xpath=${SEND_RESUME_BUTTON}</arg>
</arguments>
<msg timestamp="20200427 10:53:02.959" level="INFO">Clicking element 'xpath=//android.view.View[@text='SEND US YOUR RESUME']'.</msg>
<status status="PASS" starttime="20200427 10:53:02.950" endtime="20200427 10:53:03.332"></status>
</kw>
<kw name="Log To Console" library="BuiltIn">
<doc>Logs the given message to the console.</doc>
<arguments>
<arg>Passed Click Send Resume Button</arg>
</arguments>
<status status="PASS" starttime="20200427 10:53:03.332" endtime="20200427 10:53:03.334"></status>
</kw>
<kw name="Click Element" library="AppiumLibrary">
<doc>Click element identified by `locator`.</doc>
<arguments>
<arg>id=${FIRST_JOB_POSITION}</arg>
</arguments>
<msg timestamp="20200427 10:53:03.342" level="INFO">Clicking element 'id=card-wQx0trV4'.</msg>
<status status="PASS" starttime="20200427 10:53:03.334" endtime="20200427 10:53:06.893"></status>
</kw>
<kw name="Log To Console" library="BuiltIn">
<doc>Logs the given message to the console.</doc>
<arguments>
<arg>Passed Click First Job Position</arg>
</arguments>
<status status="PASS" starttime="20200427 10:53:06.893" endtime="20200427 10:53:06.894"></status>
</kw>
<kw name="Sleep" library="BuiltIn">
<doc>Pauses the test executed for the given time.</doc>
<arguments>
<arg>5</arg>
</arguments>
<msg timestamp="20200427 10:53:11.896" level="INFO">Slept 5 seconds</msg>
<status status="PASS" starttime="20200427 10:53:06.894" endtime="20200427 10:53:11.896"></status>
</kw>
<kw name="Click Element" library="AppiumLibrary">
<doc>Click element identified by `locator`.</doc>
<arguments>
<arg>xpath=${APPLY_BUTTON}</arg>
</arguments>
<msg timestamp="20200427 10:53:11.903" level="INFO">Clicking element 'xpath=/hierarchy/android.widget.FrameLayout/android.widget.LinearLayout/android.widget.FrameLayout/android.widget.FrameLayout/android.widget.FrameLayout/android.view.ViewGroup/android.widget.FrameLayout/android.widget.FrameLayout[2]/android.webkit.WebView/android.view.View/android.view.View[2]/android.view.View[24]/android.view.View/android.view.View[1]/android.widget.Button'.</msg>
<status status="PASS" starttime="20200427 10:53:11.896" endtime="20200427 10:53:12.244"></status>
</kw>
<kw name="Log To Console" library="BuiltIn">
<doc>Logs the given message to the console.</doc>
<arguments>
<arg>Passed Click Apply Button</arg>
</arguments>
<status status="PASS" starttime="20200427 10:53:12.245" endtime="20200427 10:53:12.246"></status>
</kw>
<kw name="Hide Keyboard" library="AppiumLibrary">
<doc>Hides the software keyboard on the device. (optional) In iOS, use `key_name` to press
a particular key, ex. `Done`. In Android, no parameters are used.</doc>
<status status="PASS" starttime="20200427 10:53:12.247" endtime="20200427 10:53:12.439"></status>
</kw>
<kw name="Input Text" library="AppiumLibrary">
<doc>Types the given `text` into text field identified by `locator`.</doc>
<arguments>
<arg>xpath=${INPUT_NAME}</arg>
<arg>${NAME}</arg>
</arguments>
<msg timestamp="20200427 10:53:12.457" level="INFO">Typing text 'Daniel Perez' into text field 'xpath=/hierarchy/android.widget.FrameLayout/android.widget.LinearLayout/android.widget.FrameLayout/android.widget.FrameLayout/android.widget.FrameLayout/android.view.ViewGroup/android.widget.FrameLayout/android.widget.FrameLayout[2]/android.webkit.WebView/android.view.View/android.view.View[2]/android.view.View[24]/android.view.View/android.widget.EditText[1]'</msg>
<status status="PASS" starttime="20200427 10:53:12.440" endtime="20200427 10:53:31.095"></status>
</kw>
<kw name="Log To Console" library="BuiltIn">
<doc>Logs the given message to the console.</doc>
<arguments>
<arg>Added Name ...</arg>
</arguments>
<status status="PASS" starttime="20200427 10:53:31.096" endtime="20200427 10:53:31.096"></status>
</kw>
<kw name="Press Keycode" library="AppiumLibrary">
<doc>Sends a press of keycode to the device.</doc>
<arguments>
<arg>93</arg>
</arguments>
<status status="PASS" starttime="20200427 10:53:31.096" endtime="20200427 10:53:34.240"></status>
</kw>
<kw name="Wait Until Page Contains Element" library="AppiumLibrary">
<doc>Waits until element specified with `locator` appears on current page.</doc>
<arguments>
<arg>xpath=${INPUT_EMAIL}</arg>
</arguments>
<status status="PASS" starttime="20200427 10:53:34.241" endtime="20200427 10:53:35.819"></status>
</kw>
<kw name="Input Text" library="AppiumLibrary">
<doc>Types the given `text` into text field identified by `locator`.</doc>
<arguments>
<arg>xpath=${INPUT_EMAIL}</arg>
<arg>${EMAIL_ADDRESS}</arg>
</arguments>
<msg timestamp="20200427 10:53:35.823" level="INFO">Typing text 'daniel.perez@sonatasmx.com' into text field 'xpath=/hierarchy/android.widget.FrameLayout/android.widget.LinearLayout/android.widget.FrameLayout/android.widget.FrameLayout/android.widget.FrameLayout/android.view.ViewGroup/android.widget.FrameLayout/android.widget.FrameLayout[2]/android.webkit.WebView/android.view.View/android.view.View[2]/android.view.View[24]/android.view.View/android.widget.EditText[2]'</msg>
<status status="PASS" starttime="20200427 10:53:35.819" endtime="20200427 10:53:58.126"></status>
</kw>
<kw name="Log To Console" library="BuiltIn">
<doc>Logs the given message to the console.</doc>
<arguments>
<arg>Added Email Address...</arg>
</arguments>
<status status="PASS" starttime="20200427 10:53:58.126" endtime="20200427 10:53:58.127"></status>
</kw>
<kw name="Sleep" library="BuiltIn">
<doc>Pauses the test executed for the given time.</doc>
<arguments>
<arg>5</arg>
</arguments>
<msg timestamp="20200427 10:54:03.129" level="INFO">Slept 5 seconds</msg>
<status status="PASS" starttime="20200427 10:53:58.127" endtime="20200427 10:54:03.129"></status>
</kw>
<kw name="Input Text" library="AppiumLibrary">
<doc>Types the given `text` into text field identified by `locator`.</doc>
<arguments>
<arg>xpath=${INPUT_PHONE}</arg>
<arg>${PHONE_NUMBER}</arg>
</arguments>
<msg timestamp="20200427 10:54:03.133" level="INFO">Typing text '(619) 111-1111' into text field 'xpath=/hierarchy/android.widget.FrameLayout/android.widget.LinearLayout/android.widget.FrameLayout/android.widget.FrameLayout/android.widget.FrameLayout/android.view.ViewGroup/android.widget.FrameLayout[1]/android.widget.FrameLayout[2]/android.webkit.WebView/android.view.View/android.view.View[2]/android.view.View[5]/android.view.View/android.widget.EditText[3]'</msg>
<kw name="Capture Page Screenshot" library="AppiumLibrary">
<doc>Takes a screenshot of the current page and embeds it into the log.</doc>
<msg timestamp="20200427 10:54:04.817" level="INFO" html="yes">&lt;/td&gt;&lt;/tr&gt;&lt;tr&gt;&lt;td colspan="3"&gt;&lt;a href="appium-screenshot-1.png"&gt;&lt;img src="appium-screenshot-1.png" width="800px"&gt;&lt;/a&gt;</msg>
<status status="PASS" starttime="20200427 10:54:03.434" endtime="20200427 10:54:04.817"></status>
</kw>
<msg timestamp="20200427 10:54:04.819" level="FAIL">ValueError: Element locator 'xpath=/hierarchy/android.widget.FrameLayout/android.widget.LinearLayout/android.widget.FrameLayout/android.widget.FrameLayout/android.widget.FrameLayout/android.view.ViewGroup/android.widget.FrameLayout[1]/android.widget.FrameLayout[2]/android.webkit.WebView/android.view.View/android.view.View[2]/android.view.View[5]/android.view.View/android.widget.EditText[3]' did not match any elements.</msg>
<status status="FAIL" starttime="20200427 10:54:03.129" endtime="20200427 10:54:04.820"></status>
</kw>
<status status="FAIL" starttime="20200427 10:52:51.263" endtime="20200427 10:54:04.820"></status>
</kw>
<kw name="Close All Applications" library="AppiumLibrary" type="teardown">
<doc>Closes all open applications.</doc>
<status status="PASS" starttime="20200427 10:54:04.821" endtime="20200427 10:54:06.509"></status>
</kw>
<status status="FAIL" starttime="20200427 10:51:51.020" endtime="20200427 10:54:06.511" critical="yes">ValueError: Element locator 'xpath=/hierarchy/android.widget.FrameLayout/android.widget.LinearLayout/android.widget.FrameLayout/android.widget.FrameLayout/android.widget.FrameLayout/android.view.ViewGroup/android.widget.FrameLayout[1]/android.widget.FrameLayout[2]/android.webkit.WebView/android.view.View/android.view.View[2]/android.view.View[5]/android.view.View/android.widget.EditText[3]' did not match any elements.</status>
</test>
<doc>Configure Chrome Browser in Android and open all Keywords</doc>
<status status="FAIL" starttime="20200427 10:51:50.488" endtime="20200427 10:54:06.516"></status>
</suite>
<statistics>
<total>
<stat pass="0" fail="1">Critical Tests</stat>
<stat pass="0" fail="1">All Tests</stat>
</total>
<tag>
</tag>
<suite>
<stat pass="0" fail="1" id="s1" name="Test">Test</stat>
</suite>
</statistics>
<errors>
</errors>
</robot>
