<?xml version="1.0" encoding="UTF-8"?>
<robot generator="Robot 3.1.2 (Python 3.8.1 on win32)" generated="20200423 15:12:22.290" rpa="false">
<suite id="s1" name="Test" source="C:\repository\robot-framework\appium\sonata\resources\test.robot">
<test id="s1-t1" name="Run Mobile Portrait">
<kw name="Close All Applications" library="AppiumLibrary" type="setup">
<doc>Closes all open applications.</doc>
<status status="PASS" starttime="20200423 15:12:22.758" endtime="20200423 15:12:22.763"></status>
</kw>
<kw name="Open Application" library="AppiumLibrary">
<doc>Opens a new application to given Appium server.
Capabilities of appium server, Android and iOS,
Please check https://github.com/appium/appium/blob/master/docs/en/writing-running-appium/server-args.md
| *Option*            | *Man.* | *Description*     |
| remote_url          | Yes    | Appium server url |
| alias               | no     | alias             |</doc>
<arguments>
<arg>${REMOTE_URL}</arg>
<arg>platformName=${PLATFORM_NAME}</arg>
<arg>platformVersion=${PLATFORM_VERSION}</arg>
<arg>deviceName=${DEVICE_NAME}</arg>
<arg>automationName=${AUTOMATION_NAME}</arg>
<arg>appPackage=${APP_PACKAGE}</arg>
<arg>appActivity=${APP_ACTIVITY}</arg>
<arg>useNewWDA=${USE_NEW_WDA}</arg>
</arguments>
<status status="PASS" starttime="20200423 15:12:22.763" endtime="20200423 15:12:26.537"></status>
</kw>
<kw name="Configure Chrome">
<kw name="Log To Console" library="BuiltIn">
<doc>Logs the given message to the console.</doc>
<arguments>
<arg>Configure Chrome Browser in Android and search Sonata Web Site</arg>
</arguments>
<status status="PASS" starttime="20200423 15:12:26.537" endtime="20200423 15:12:26.538"></status>
</kw>
<kw name="Wait Until Page Contains Element" library="AppiumLibrary">
<doc>Waits until element specified with `locator` appears on current page.</doc>
<arguments>
<arg>xpath=${ACCEPT_CONTINUE}</arg>
</arguments>
<status status="PASS" starttime="20200423 15:12:26.538" endtime="20200423 15:12:27.287"></status>
</kw>
<kw name="Click Element" library="AppiumLibrary">
<doc>Click element identified by `locator`.</doc>
<arguments>
<arg>xpath=${ACCEPT_CONTINUE}</arg>
</arguments>
<msg timestamp="20200423 15:12:27.296" level="INFO">Clicking element 'xpath=//*[contains(@resource-id,'com.android.chrome:id/terms_accept') and @text='Accept &amp; continue']'.</msg>
<status status="PASS" starttime="20200423 15:12:27.287" endtime="20200423 15:12:27.609"></status>
</kw>
<kw name="Wait Until Page Contains Element" library="AppiumLibrary">
<doc>Waits until element specified with `locator` appears on current page.</doc>
<arguments>
<arg>xpath=${NEXT}</arg>
</arguments>
<status status="PASS" starttime="20200423 15:12:27.609" endtime="20200423 15:12:28.368"></status>
</kw>
<kw name="Click Element" library="AppiumLibrary">
<doc>Click element identified by `locator`.</doc>
<arguments>
<arg>xpath=${NEXT}</arg>
</arguments>
<msg timestamp="20200423 15:12:28.371" level="INFO">Clicking element 'xpath=//*[contains(@resource-id,'com.android.chrome:id/next_button') and @text='Next']'.</msg>
<status status="PASS" starttime="20200423 15:12:28.368" endtime="20200423 15:12:28.608"></status>
</kw>
<kw name="Wait Until Page Contains Element" library="AppiumLibrary">
<doc>Waits until element specified with `locator` appears on current page.</doc>
<arguments>
<arg>xpath=${POSITIVE}</arg>
</arguments>
<status status="PASS" starttime="20200423 15:12:28.609" endtime="20200423 15:12:29.232"></status>
</kw>
<kw name="Click Element" library="AppiumLibrary">
<doc>Click element identified by `locator`.</doc>
<arguments>
<arg>xpath=${POSITIVE}</arg>
</arguments>
<msg timestamp="20200423 15:12:29.237" level="INFO">Clicking element 'xpath=//*[contains(@resource-id,'com.android.chrome:id/positive_button')]'.</msg>
<status status="PASS" starttime="20200423 15:12:29.233" endtime="20200423 15:12:29.625"></status>
</kw>
<status status="PASS" starttime="20200423 15:12:26.537" endtime="20200423 15:12:29.626"></status>
</kw>
<kw name="Open Home Page" library="home">
<kw name="Log To Console" library="BuiltIn">
<doc>Logs the given message to the console.</doc>
<arguments>
<arg>Open Home Page</arg>
</arguments>
<status status="PASS" starttime="20200423 15:12:29.627" endtime="20200423 15:12:29.627"></status>
</kw>
<kw name="Wait Until Page Contains Element" library="AppiumLibrary">
<doc>Waits until element specified with `locator` appears on current page.</doc>
<arguments>
<arg>xpath=${SEARCH_URL}</arg>
</arguments>
<status status="PASS" starttime="20200423 15:12:29.628" endtime="20200423 15:12:32.195"></status>
</kw>
<kw name="Input Text" library="AppiumLibrary">
<doc>Types the given `text` into text field identified by `locator`.</doc>
<arguments>
<arg>xpath=${SEARCH_URL}</arg>
<arg>${SITE_URL}</arg>
</arguments>
<msg timestamp="20200423 15:12:32.206" level="INFO">Typing text 'https://sonataservices.com' into text field 'xpath=//*[contains(@resource-id,'com.android.chrome:id/search_box_text') and @text='Search or type web address']'</msg>
<status status="PASS" starttime="20200423 15:12:32.196" endtime="20200423 15:12:55.599"></status>
</kw>
<kw name="Press Keycode" library="AppiumLibrary">
<doc>Sends a press of keycode to the device.</doc>
<arguments>
<arg>66</arg>
</arguments>
<status status="PASS" starttime="20200423 15:12:55.600" endtime="20200423 15:12:56.329"></status>
</kw>
<kw name="Sleep" library="BuiltIn">
<doc>Pauses the test executed for the given time.</doc>
<arguments>
<arg>30</arg>
</arguments>
<msg timestamp="20200423 15:13:26.331" level="INFO">Slept 30 seconds</msg>
<status status="PASS" starttime="20200423 15:12:56.329" endtime="20200423 15:13:26.332"></status>
</kw>
<kw name="Run Keyword And Return Status" library="BuiltIn">
<doc>Runs the given keyword with given arguments and returns the status as a Boolean value.</doc>
<arguments>
<arg>Wait Until Page Contains Element</arg>
<arg>${ACCEPT_COOKIES}</arg>
</arguments>
<assign>
<var>${IS_ACCEPT_COOKIES}</var>
</assign>
<kw name="Wait Until Page Contains Element" library="AppiumLibrary">
<doc>Waits until element specified with `locator` appears on current page.</doc>
<arguments>
<arg>${ACCEPT_COOKIES}</arg>
</arguments>
<status status="PASS" starttime="20200423 15:13:26.335" endtime="20200423 15:13:26.540"></status>
</kw>
<msg timestamp="20200423 15:13:26.540" level="INFO">${IS_ACCEPT_COOKIES} = True</msg>
<status status="PASS" starttime="20200423 15:13:26.333" endtime="20200423 15:13:26.541"></status>
</kw>
<kw name="Run Keyword If" library="BuiltIn">
<doc>Runs the given keyword with the given arguments, if ``condition`` is true.</doc>
<arguments>
<arg>${IS_ACCEPT_COOKIES}</arg>
<arg>click element</arg>
<arg>xpath=${ACCEPT_COOKIES}</arg>
</arguments>
<kw name="Click Element" library="AppiumLibrary">
<doc>Click element identified by `locator`.</doc>
<arguments>
<arg>xpath=${ACCEPT_COOKIES}</arg>
</arguments>
<msg timestamp="20200423 15:13:26.551" level="INFO">Clicking element 'xpath=//android.widget.Button[@text='ACCEPT']'.</msg>
<status status="PASS" starttime="20200423 15:13:26.542" endtime="20200423 15:13:26.871"></status>
</kw>
<status status="PASS" starttime="20200423 15:13:26.541" endtime="20200423 15:13:26.871"></status>
</kw>
<kw name="Swipe Down" library="home">
<arguments>
<arg>${ACCELERATE_GROWTH}</arg>
</arguments>
<kw name="${i} IN RANGE [ 12 ]" type="for">
<kw name="${i} = 0" type="foritem">
<kw name="Press Keycode" library="AppiumLibrary">
<doc>Sends a press of keycode to the device.</doc>
<arguments>
<arg>93</arg>
</arguments>
<status status="PASS" starttime="20200423 15:13:26.875" endtime="20200423 15:13:28.026"></status>
</kw>
<kw name="Sleep" library="BuiltIn">
<doc>Pauses the test executed for the given time.</doc>
<arguments>
<arg>0.5</arg>
</arguments>
<msg timestamp="20200423 15:13:28.529" level="INFO">Slept 500 milliseconds</msg>
<status status="PASS" starttime="20200423 15:13:28.027" endtime="20200423 15:13:28.529"></status>
</kw>
<status status="PASS" starttime="20200423 15:13:26.874" endtime="20200423 15:13:28.530"></status>
</kw>
<kw name="${i} = 1" type="foritem">
<kw name="Press Keycode" library="AppiumLibrary">
<doc>Sends a press of keycode to the device.</doc>
<arguments>
<arg>93</arg>
</arguments>
<status status="PASS" starttime="20200423 15:13:28.531" endtime="20200423 15:13:29.365"></status>
</kw>
<kw name="Sleep" library="BuiltIn">
<doc>Pauses the test executed for the given time.</doc>
<arguments>
<arg>0.5</arg>
</arguments>
<msg timestamp="20200423 15:13:29.865" level="INFO">Slept 500 milliseconds</msg>
<status status="PASS" starttime="20200423 15:13:29.365" endtime="20200423 15:13:29.865"></status>
</kw>
<status status="PASS" starttime="20200423 15:13:28.531" endtime="20200423 15:13:29.865"></status>
</kw>
<kw name="${i} = 2" type="foritem">
<kw name="Press Keycode" library="AppiumLibrary">
<doc>Sends a press of keycode to the device.</doc>
<arguments>
<arg>93</arg>
</arguments>
<status status="PASS" starttime="20200423 15:13:29.865" endtime="20200423 15:13:30.111"></status>
</kw>
<kw name="Sleep" library="BuiltIn">
<doc>Pauses the test executed for the given time.</doc>
<arguments>
<arg>0.5</arg>
</arguments>
<msg timestamp="20200423 15:13:30.611" level="INFO">Slept 500 milliseconds</msg>
<status status="PASS" starttime="20200423 15:13:30.111" endtime="20200423 15:13:30.611"></status>
</kw>
<status status="PASS" starttime="20200423 15:13:29.865" endtime="20200423 15:13:30.611"></status>
</kw>
<kw name="${i} = 3" type="foritem">
<kw name="Press Keycode" library="AppiumLibrary">
<doc>Sends a press of keycode to the device.</doc>
<arguments>
<arg>93</arg>
</arguments>
<status status="PASS" starttime="20200423 15:13:30.612" endtime="20200423 15:13:30.914"></status>
</kw>
<kw name="Sleep" library="BuiltIn">
<doc>Pauses the test executed for the given time.</doc>
<arguments>
<arg>0.5</arg>
</arguments>
<msg timestamp="20200423 15:13:31.416" level="INFO">Slept 500 milliseconds</msg>
<status status="PASS" starttime="20200423 15:13:30.915" endtime="20200423 15:13:31.416"></status>
</kw>
<status status="PASS" starttime="20200423 15:13:30.611" endtime="20200423 15:13:31.416"></status>
</kw>
<kw name="${i} = 4" type="foritem">
<kw name="Press Keycode" library="AppiumLibrary">
<doc>Sends a press of keycode to the device.</doc>
<arguments>
<arg>93</arg>
</arguments>
<status status="PASS" starttime="20200423 15:13:31.417" endtime="20200423 15:13:31.670"></status>
</kw>
<kw name="Sleep" library="BuiltIn">
<doc>Pauses the test executed for the given time.</doc>
<arguments>
<arg>0.5</arg>
</arguments>
<msg timestamp="20200423 15:13:32.172" level="INFO">Slept 500 milliseconds</msg>
<status status="PASS" starttime="20200423 15:13:31.671" endtime="20200423 15:13:32.172"></status>
</kw>
<status status="PASS" starttime="20200423 15:13:31.417" endtime="20200423 15:13:32.172"></status>
</kw>
<kw name="${i} = 5" type="foritem">
<kw name="Press Keycode" library="AppiumLibrary">
<doc>Sends a press of keycode to the device.</doc>
<arguments>
<arg>93</arg>
</arguments>
<status status="PASS" starttime="20200423 15:13:32.173" endtime="20200423 15:13:32.510"></status>
</kw>
<kw name="Sleep" library="BuiltIn">
<doc>Pauses the test executed for the given time.</doc>
<arguments>
<arg>0.5</arg>
</arguments>
<msg timestamp="20200423 15:13:33.013" level="INFO">Slept 500 milliseconds</msg>
<status status="PASS" starttime="20200423 15:13:32.511" endtime="20200423 15:13:33.013"></status>
</kw>
<status status="PASS" starttime="20200423 15:13:32.172" endtime="20200423 15:13:33.013"></status>
</kw>
<kw name="${i} = 6" type="foritem">
<kw name="Press Keycode" library="AppiumLibrary">
<doc>Sends a press of keycode to the device.</doc>
<arguments>
<arg>93</arg>
</arguments>
<status status="PASS" starttime="20200423 15:13:33.013" endtime="20200423 15:13:33.276"></status>
</kw>
<kw name="Sleep" library="BuiltIn">
<doc>Pauses the test executed for the given time.</doc>
<arguments>
<arg>0.5</arg>
</arguments>
<msg timestamp="20200423 15:13:33.779" level="INFO">Slept 500 milliseconds</msg>
<status status="PASS" starttime="20200423 15:13:33.277" endtime="20200423 15:13:33.779"></status>
</kw>
<status status="PASS" starttime="20200423 15:13:33.013" endtime="20200423 15:13:33.779"></status>
</kw>
<kw name="${i} = 7" type="foritem">
<kw name="Press Keycode" library="AppiumLibrary">
<doc>Sends a press of keycode to the device.</doc>
<arguments>
<arg>93</arg>
</arguments>
<status status="PASS" starttime="20200423 15:13:33.779" endtime="20200423 15:13:34.581"></status>
</kw>
<kw name="Sleep" library="BuiltIn">
<doc>Pauses the test executed for the given time.</doc>
<arguments>
<arg>0.5</arg>
</arguments>
<msg timestamp="20200423 15:13:35.082" level="INFO">Slept 500 milliseconds</msg>
<status status="PASS" starttime="20200423 15:13:34.581" endtime="20200423 15:13:35.082"></status>
</kw>
<status status="PASS" starttime="20200423 15:13:33.779" endtime="20200423 15:13:35.082"></status>
</kw>
<kw name="${i} = 8" type="foritem">
<kw name="Press Keycode" library="AppiumLibrary">
<doc>Sends a press of keycode to the device.</doc>
<arguments>
<arg>93</arg>
</arguments>
<status status="PASS" starttime="20200423 15:13:35.083" endtime="20200423 15:13:36.021"></status>
</kw>
<kw name="Sleep" library="BuiltIn">
<doc>Pauses the test executed for the given time.</doc>
<arguments>
<arg>0.5</arg>
</arguments>
<msg timestamp="20200423 15:13:36.523" level="INFO">Slept 500 milliseconds</msg>
<status status="PASS" starttime="20200423 15:13:36.022" endtime="20200423 15:13:36.523"></status>
</kw>
<status status="PASS" starttime="20200423 15:13:35.082" endtime="20200423 15:13:36.523"></status>
</kw>
<kw name="${i} = 9" type="foritem">
<kw name="Press Keycode" library="AppiumLibrary">
<doc>Sends a press of keycode to the device.</doc>
<arguments>
<arg>93</arg>
</arguments>
<status status="PASS" starttime="20200423 15:13:36.523" endtime="20200423 15:13:36.819"></status>
</kw>
<kw name="Sleep" library="BuiltIn">
<doc>Pauses the test executed for the given time.</doc>
<arguments>
<arg>0.5</arg>
</arguments>
<msg timestamp="20200423 15:13:37.322" level="INFO">Slept 500 milliseconds</msg>
<status status="PASS" starttime="20200423 15:13:36.819" endtime="20200423 15:13:37.322"></status>
</kw>
<status status="PASS" starttime="20200423 15:13:36.523" endtime="20200423 15:13:37.323"></status>
</kw>
<kw name="${i} = 10" type="foritem">
<kw name="Press Keycode" library="AppiumLibrary">
<doc>Sends a press of keycode to the device.</doc>
<arguments>
<arg>93</arg>
</arguments>
<status status="PASS" starttime="20200423 15:13:37.324" endtime="20200423 15:13:37.616"></status>
</kw>
<kw name="Sleep" library="BuiltIn">
<doc>Pauses the test executed for the given time.</doc>
<arguments>
<arg>0.5</arg>
</arguments>
<msg timestamp="20200423 15:13:38.117" level="INFO">Slept 500 milliseconds</msg>
<status status="PASS" starttime="20200423 15:13:37.616" endtime="20200423 15:13:38.117"></status>
</kw>
<status status="PASS" starttime="20200423 15:13:37.323" endtime="20200423 15:13:38.117"></status>
</kw>
<kw name="${i} = 11" type="foritem">
<kw name="Press Keycode" library="AppiumLibrary">
<doc>Sends a press of keycode to the device.</doc>
<arguments>
<arg>93</arg>
</arguments>
<status status="PASS" starttime="20200423 15:13:38.118" endtime="20200423 15:13:38.402"></status>
</kw>
<kw name="Sleep" library="BuiltIn">
<doc>Pauses the test executed for the given time.</doc>
<arguments>
<arg>0.5</arg>
</arguments>
<msg timestamp="20200423 15:13:38.904" level="INFO">Slept 500 milliseconds</msg>
<status status="PASS" starttime="20200423 15:13:38.403" endtime="20200423 15:13:38.904"></status>
</kw>
<status status="PASS" starttime="20200423 15:13:38.118" endtime="20200423 15:13:38.904"></status>
</kw>
<status status="PASS" starttime="20200423 15:13:26.874" endtime="20200423 15:13:38.904"></status>
</kw>
<status status="PASS" starttime="20200423 15:13:26.872" endtime="20200423 15:13:38.905"></status>
</kw>
<kw name="Log To Console" library="BuiltIn">
<doc>Logs the given message to the console.</doc>
<arguments>
<arg>End Home Page</arg>
</arguments>
<status status="PASS" starttime="20200423 15:13:38.905" endtime="20200423 15:13:38.906"></status>
</kw>
<status status="PASS" starttime="20200423 15:12:29.626" endtime="20200423 15:13:38.907"></status>
</kw>
<kw name="Open Careers Page" library="careers">
<kw name="Log To Console" library="BuiltIn">
<doc>Logs the given message to the console.</doc>
<arguments>
<arg>Open Careers Page</arg>
</arguments>
<status status="PASS" starttime="20200423 15:13:38.909" endtime="20200423 15:13:38.909"></status>
</kw>
<kw name="Sleep" library="BuiltIn">
<doc>Pauses the test executed for the given time.</doc>
<arguments>
<arg>5</arg>
</arguments>
<msg timestamp="20200423 15:13:43.912" level="INFO">Slept 5 seconds</msg>
<status status="PASS" starttime="20200423 15:13:38.910" endtime="20200423 15:13:43.912"></status>
</kw>
<kw name="Click Element" library="AppiumLibrary">
<doc>Click element identified by `locator`.</doc>
<arguments>
<arg>xpath=${SIDE_BAR}</arg>
</arguments>
<msg timestamp="20200423 15:13:43.921" level="INFO">Clicking element 'xpath=/hierarchy/android.widget.FrameLayout/android.widget.LinearLayout/android.widget.FrameLayout/android.widget.FrameLayout/android.widget.FrameLayout/android.view.ViewGroup/android.widget.FrameLayout[1]/android.widget.FrameLayout[2]/android.webkit.WebView/android.view.View/android.view.View[1]/android.view.View[1]'.</msg>
<status status="PASS" starttime="20200423 15:13:43.913" endtime="20200423 15:13:44.313"></status>
</kw>
<kw name="Click Element" library="AppiumLibrary">
<doc>Click element identified by `locator`.</doc>
<arguments>
<arg>xpath=${CAREERS_LINK}</arg>
</arguments>
<msg timestamp="20200423 15:13:44.328" level="INFO">Clicking element 'xpath=/hierarchy/android.widget.FrameLayout/android.widget.LinearLayout/android.widget.FrameLayout/android.widget.FrameLayout/android.widget.FrameLayout/android.view.ViewGroup/android.widget.FrameLayout[1]/android.widget.FrameLayout[2]/android.webkit.WebView/android.view.View/android.view.View[1]/android.widget.ListView/android.view.View[4]'.</msg>
<status status="PASS" starttime="20200423 15:13:44.314" endtime="20200423 15:13:45.621"></status>
</kw>
<kw name="Sleep" library="BuiltIn">
<doc>Pauses the test executed for the given time.</doc>
<arguments>
<arg>5</arg>
</arguments>
<msg timestamp="20200423 15:13:50.623" level="INFO">Slept 5 seconds</msg>
<status status="PASS" starttime="20200423 15:13:45.621" endtime="20200423 15:13:50.623"></status>
</kw>
<kw name="Click Element" library="AppiumLibrary">
<doc>Click element identified by `locator`.</doc>
<arguments>
<arg>xpath=${SEND_RESUME_BUTTON}</arg>
</arguments>
<msg timestamp="20200423 15:13:50.631" level="INFO">Clicking element 'xpath=//android.view.View[@text='SEND US YOUR RESUME']'.</msg>
<status status="PASS" starttime="20200423 15:13:50.624" endtime="20200423 15:13:50.981"></status>
</kw>
<kw name="Sleep" library="BuiltIn">
<doc>Pauses the test executed for the given time.</doc>
<arguments>
<arg>30</arg>
</arguments>
<msg timestamp="20200423 15:14:20.984" level="INFO">Slept 30 seconds</msg>
<status status="PASS" starttime="20200423 15:13:50.981" endtime="20200423 15:14:20.984"></status>
</kw>
<kw name="Log To Console" library="BuiltIn">
<doc>Logs the given message to the console.</doc>
<arguments>
<arg>End Careers Page</arg>
</arguments>
<status status="PASS" starttime="20200423 15:14:20.985" endtime="20200423 15:14:20.986"></status>
</kw>
<status status="PASS" starttime="20200423 15:13:38.908" endtime="20200423 15:14:20.986"></status>
</kw>
<kw name="Close All Applications" library="AppiumLibrary" type="teardown">
<doc>Closes all open applications.</doc>
<status status="PASS" starttime="20200423 15:14:20.987" endtime="20200423 15:14:22.200"></status>
</kw>
<status status="PASS" starttime="20200423 15:12:22.757" endtime="20200423 15:14:22.200" critical="yes"></status>
</test>
<doc>Configure Chrome Browser in Android and open all Keywords</doc>
<status status="PASS" starttime="20200423 15:12:22.296" endtime="20200423 15:14:22.201"></status>
</suite>
<statistics>
<total>
<stat pass="1" fail="0">Critical Tests</stat>
<stat pass="1" fail="0">All Tests</stat>
</total>
<tag>
</tag>
<suite>
<stat pass="1" fail="0" id="s1" name="Test">Test</stat>
</suite>
</statistics>
<errors>
</errors>
</robot>
